<?xml version="1.0" encoding="UTF-8"?>
<!-- Generated by org.testng.reporters.JUnitReportReporter -->
<testsuite hostname="LAPTOP-SK2I11LG" failures="0" tests="1" name="test.AddContactTest" time="19.632" errors="0" timestamp="28 Mar 2022 15:39:47 GMT" skipped="0">
  <testcase classname="test.AddContactTest" name="validUserShallbeAbleToAddContact" time="19.632"/>
</testsuite> <!-- test.AddContactTest -->
