<?xml version="1.0" encoding="UTF-8"?>
<!-- Generated by org.testng.reporters.JUnitReportReporter -->
<testsuite hostname="LAPTOP-SK2I11LG" failures="0" tests="1" name="test.ListCustomerAddContactTest" time="42.512" errors="0" timestamp="28 Mar 2022 01:05:17 GMT" skipped="0">
  <testcase classname="test.ListCustomerAddContactTest" name="validUserShallbeAbleToAddContact" time="42.512"/>
</testsuite> <!-- test.ListCustomerAddContactTest -->
